<?xml version="1.0" encoding="UTF-8"?>
<!-- Generated by org.testng.reporters.JUnitXMLReporter -->
<testsuite hostname="ROHIT-PRO-PC" ignored="3" name="SmokeTest" tests="3" failures="0" timestamp="2022-01-25T18:19:54 IST" time="0.053" errors="0">
  <testcase name="createOrgTest" time="0.008" classname="com.crm.comcast.OrgTest.CreateOrgTest"/>
  <testcase name="createNewLeadTest" time="0.001" classname="com.crm.comcast.LeadTest.CreateNewLeadTest"/>
  <testcase name="createNewContactTest" time="0.001" classname="com.crm.comcast.ContactTest.CreateNewContactTest"/>
  <testcase name="createOrgWithContactTest" time="0.0" classname="com.crm.comcast.OrgTest.CreateOrgWithContactTest">
    <ignored/>
  </testcase> <!-- createOrgWithContactTest -->
  <testcase name="modifyContactTest" time="0.0" classname="com.crm.comcast.OrgTest.CreateOrgTest">
    <ignored/>
  </testcase> <!-- modifyContactTest -->
  <testcase name="createNewLeadWithIndustryTest" time="0.0" classname="com.crm.comcast.LeadTest.CreateNewLeadTest">
    <ignored/>
  </testcase> <!-- createNewLeadWithIndustryTest -->
</testsuite> <!-- SmokeTest -->
