<?xml version="1.0" encoding="UTF-8"?>
<!-- Generated by org.testng.reporters.JUnitXMLReporter -->
<testsuite hostname="ROHIT-PRO-PC" ignored="3" name="Test" tests="3" failures="0" timestamp="2022-01-25T18:21:37 IST" time="0.056" errors="0">
  <testcase name="modifyContactTest" time="0.007" classname="com.crm.comcast.OrgTest.CreateOrgTest"/>
  <testcase name="createOrgWithContactTest" time="0.001" classname="com.crm.comcast.OrgTest.CreateOrgWithContactTest"/>
  <testcase name="createNewLeadWithIndustryTest" time="0.001" classname="com.crm.comcast.LeadTest.CreateNewLeadTest"/>
  <testcase name="createOrgTest" time="0.0" classname="com.crm.comcast.OrgTest.CreateOrgTest">
    <ignored/>
  </testcase> <!-- createOrgTest -->
  <testcase name="createNewLeadTest" time="0.0" classname="com.crm.comcast.LeadTest.CreateNewLeadTest">
    <ignored/>
  </testcase> <!-- createNewLeadTest -->
  <testcase name="createNewContactTest" time="0.0" classname="com.crm.comcast.ContactTest.CreateNewContactTest">
    <ignored/>
  </testcase> <!-- createNewContactTest -->
</testsuite> <!-- Test -->
