<?xml version="1.0" encoding="UTF-8"?>
<testng-results skipped="0" failed="0" ignored="3" total="6" passed="3">
  <reporter-output>
  </reporter-output>
  <suite name="Suite" duration-ms="56" started-at="2022-01-25T18:21:37 IST" finished-at="2022-01-25T18:21:37 IST">
    <groups>
      <group name="regressionTest">
        <method signature="CreateNewLeadTest.createNewLeadWithIndustryTest()[pri:0, instance:com.crm.comcast.LeadTest.CreateNewLeadTest@4493d195]" name="createNewLeadWithIndustryTest" class="com.crm.comcast.LeadTest.CreateNewLeadTest"/>
        <method signature="CreateOrgTest.modifyContactTest()[pri:0, instance:com.crm.comcast.OrgTest.CreateOrgTest@4d41cee]" name="modifyContactTest" class="com.crm.comcast.OrgTest.CreateOrgTest"/>
        <method signature="CreateOrgWithContactTest.createOrgWithContactTest()[pri:0, instance:com.crm.comcast.OrgTest.CreateOrgWithContactTest@6ee52dcd]" name="createOrgWithContactTest" class="com.crm.comcast.OrgTest.CreateOrgWithContactTest"/>
      </group> <!-- regressionTest -->
    </groups>
    <test name="Test" duration-ms="56" started-at="2022-01-25T18:21:37 IST" finished-at="2022-01-25T18:21:37 IST">
      <class name="com.crm.comcast.LeadTest.CreateNewLeadTest">
        <test-method status="PASS" signature="createNewLeadWithIndustryTest()[pri:0, instance:com.crm.comcast.LeadTest.CreateNewLeadTest@4493d195]" name="createNewLeadWithIndustryTest" duration-ms="1" started-at="2022-01-25T18:21:37 IST" finished-at="2022-01-25T18:21:37 IST">
          <reporter-output>
          </reporter-output>
        </test-method> <!-- createNewLeadWithIndustryTest -->
      </class> <!-- com.crm.comcast.LeadTest.CreateNewLeadTest -->
      <class name="com.crm.comcast.OrgTest.CreateOrgTest">
        <test-method status="PASS" signature="modifyContactTest()[pri:0, instance:com.crm.comcast.OrgTest.CreateOrgTest@4d41cee]" name="modifyContactTest" duration-ms="7" started-at="2022-01-25T18:21:37 IST" finished-at="2022-01-25T18:21:37 IST">
          <reporter-output>
          </reporter-output>
        </test-method> <!-- modifyContactTest -->
      </class> <!-- com.crm.comcast.OrgTest.CreateOrgTest -->
      <class name="com.crm.comcast.OrgTest.CreateOrgWithContactTest">
        <test-method status="PASS" signature="createOrgWithContactTest()[pri:0, instance:com.crm.comcast.OrgTest.CreateOrgWithContactTest@6ee52dcd]" name="createOrgWithContactTest" duration-ms="1" started-at="2022-01-25T18:21:37 IST" finished-at="2022-01-25T18:21:37 IST">
          <reporter-output>
          </reporter-output>
        </test-method> <!-- createOrgWithContactTest -->
      </class> <!-- com.crm.comcast.OrgTest.CreateOrgWithContactTest -->
    </test> <!-- Test -->
  </suite> <!-- Suite -->
</testng-results>
